{
  "protoPayload": {
    "@type": "type.googleapis.com/google.cloud.audit.AuditLog",
    "status": {},
    "authenticationInfo": {
      "principalEmail": "principalName@domain.com"
    },
    "requestMetadata": {
      "callerIp": "8.8.8.8",
      "callerSuppliedUserAgent": "Mozilla/5.0 (Macintosh; Intel Mac OS X 10_15_7) AppleWebKit/537.36 (KHTML, like Gecko) Chrome/101.0.4951.64 Safari/537.36,gzip(gfe),gzip(gfe)",
      "requestAttributes": {},
      "destinationAttributes": {}
    },
    "serviceName": "bigquery.googleapis.com",
    "methodName": "jobservice.jobcompleted",
    "resourceName": "projects/projectId/jobs/bquxjob_328e5cb3_180cef73465",
    "serviceData": {
      "@type": "type.googleapis.com/google.cloud.bigquery.logging.v1.AuditData",
      "jobCompletedEvent": {
        "eventName": "query_job_completed",
        "job": {
          "jobName": {
            "projectId": "projectId",
            "jobId": "bquxjob_328e5cb3_180cef73465",
            "location": "US"
          },
          "jobConfiguration": {
            "query": {
              "query": "SELECT * \nFROM `projectId.datasetId.tableId` \nLIMIT 1000",
              "destinationTable": {
                "projectId": "projectId",
                "datasetId": "datasetId",
                "tableId": "tableId"
              },
              "createDisposition": "CREATE_IF_NEEDED",
              "writeDisposition": "WRITE_TRUNCATE",
              "defaultDataset": {},
              "queryPriority": "QUERY_INTERACTIVE",
              "statementType": "SELECT"
            }
          },
          "jobStatus": {
            "state": "DONE",
            "error": {}
          },
          "jobStatistics": {
            "createTime": "2022-05-16T22:22:29.268Z",
            "startTime": "2022-05-16T22:22:29.319Z",
            "endTime": "2022-05-16T22:22:29.474Z",
            "totalProcessedBytes": "2168",
            "totalBilledBytes": "10485760",
            "billingTier": 1,
            "totalSlotMs": "27",
            "referencedTables": [
              {
                "projectId": "projectId",
                "datasetId": "datasetId",
                "tableId": "tableId"
              }
            ],
            "totalTablesProcessed": 1,
            "queryOutputRowCount": "3"
          }
        }
      }
    }
  },
  "insertId": "-6xcvbsf1aikpi",
  "resource": {
    "type": "bigquery_resource",
    "labels": {
      "project_id": "projectId"
    }
  },
  "timestamp": "2022-05-16T22:22:29.517807Z",
  "severity": "INFO",
  "logName": "projects/projectId/logs/cloudaudit.googleapis.com%2Fdata_access",
  "receiveTimestamp": "2022-05-16T22:22:29.529339260Z"
}